<?xml version="1.0" encoding="UTF-8"?>
<!-- Generated by org.testng.reporters.JUnitXMLReporter -->
<testsuite ignored="0" hostname="SYNPYBRL1182ZPL" failures="1" tests="2" name="Test" time="0.083" errors="0" timestamp="2023-10-11T17:54:13 IST">
  <testcase classname="sample.ListnerTestCase" name="test1" time="0.012"/>
  <testcase classname="sample.ListnerTestCase" name="test2" time="0.011">
    <failure type="java.lang.AssertionError" message="expected [true] but found [false]">
      <![CDATA[java.lang.AssertionError: expected [true] but found [false]
at sample.ListnerTestCase.test2(ListnerTestCase.java:15)
at java.base/java.util.ArrayList.forEach(ArrayList.java:1511)
... Removed 31 stack frames]]>
    </failure>
  </testcase> <!-- test2 -->
</testsuite> <!-- Test -->
